[0.016s] Invoking command in '/home/youhans/ros2_cpp/build/my_robot_controller': CMAKE_PREFIX_PATH=/opt/ros/humble /usr/bin/cmake --build /home/youhans/ros2_cpp/build/my_robot_controller -- -j16 -l16
[0.062s] [35m[1mConsolidate compiler generated dependencies of target pub[0m
[0.062s] [35m[1mConsolidate compiler generated dependencies of target sub[0m
[0.071s] [ 75%] Built target sub
[0.071s] [100%] Built target pub
[0.078s] Invoked command in '/home/youhans/ros2_cpp/build/my_robot_controller' returned '0': CMAKE_PREFIX_PATH=/opt/ros/humble /usr/bin/cmake --build /home/youhans/ros2_cpp/build/my_robot_controller -- -j16 -l16
[0.093s] Invoking command in '/home/youhans/ros2_cpp/build/my_robot_controller': CMAKE_PREFIX_PATH=/opt/ros/humble /usr/bin/cmake --install /home/youhans/ros2_cpp/build/my_robot_controller
[0.098s] -- Install configuration: ""
[0.098s] -- Execute custom install script
[0.098s] -- Up-to-date symlink: /home/youhans/ros2_cpp/install/my_robot_controller/lib/my_robot_controller/pub
[0.098s] -- Up-to-date symlink: /home/youhans/ros2_cpp/install/my_robot_controller/lib/my_robot_controller/sub
[0.099s] -- Up-to-date symlink: /home/youhans/ros2_cpp/install/my_robot_controller/share/ament_index/resource_index/package_run_dependencies/my_robot_controller
[0.099s] -- Up-to-date symlink: /home/youhans/ros2_cpp/install/my_robot_controller/share/ament_index/resource_index/parent_prefix_path/my_robot_controller
[0.099s] -- Up-to-date symlink: /home/youhans/ros2_cpp/install/my_robot_controller/share/my_robot_controller/environment/ament_prefix_path.sh
[0.099s] -- Up-to-date symlink: /home/youhans/ros2_cpp/install/my_robot_controller/share/my_robot_controller/environment/ament_prefix_path.dsv
[0.099s] -- Up-to-date symlink: /home/youhans/ros2_cpp/install/my_robot_controller/share/my_robot_controller/environment/path.sh
[0.099s] -- Up-to-date symlink: /home/youhans/ros2_cpp/install/my_robot_controller/share/my_robot_controller/environment/path.dsv
[0.099s] -- Up-to-date symlink: /home/youhans/ros2_cpp/install/my_robot_controller/share/my_robot_controller/local_setup.bash
[0.100s] -- Up-to-date symlink: /home/youhans/ros2_cpp/install/my_robot_controller/share/my_robot_controller/local_setup.sh
[0.100s] -- Up-to-date symlink: /home/youhans/ros2_cpp/install/my_robot_controller/share/my_robot_controller/local_setup.zsh
[0.100s] -- Up-to-date symlink: /home/youhans/ros2_cpp/install/my_robot_controller/share/my_robot_controller/local_setup.dsv
[0.100s] -- Symlinking: /home/youhans/ros2_cpp/install/my_robot_controller/share/my_robot_controller/package.dsv
[0.104s] -- Up-to-date symlink: /home/youhans/ros2_cpp/install/my_robot_controller/share/ament_index/resource_index/packages/my_robot_controller
[0.105s] -- Up-to-date symlink: /home/youhans/ros2_cpp/install/my_robot_controller/share/my_robot_controller/cmake/my_robot_controllerConfig.cmake
[0.105s] -- Up-to-date symlink: /home/youhans/ros2_cpp/install/my_robot_controller/share/my_robot_controller/cmake/my_robot_controllerConfig-version.cmake
[0.105s] -- Up-to-date symlink: /home/youhans/ros2_cpp/install/my_robot_controller/share/my_robot_controller/package.xml
[0.106s] Invoked command in '/home/youhans/ros2_cpp/build/my_robot_controller' returned '0': CMAKE_PREFIX_PATH=/opt/ros/humble /usr/bin/cmake --install /home/youhans/ros2_cpp/build/my_robot_controller
