[0.027s] Invoking command in '/home/youhans/ros2_cpp/build/my_robot_controller': CMAKE_PREFIX_PATH=${CMAKE_PREFIX_PATH}:/opt/ros/humble /usr/bin/cmake /home/youhans/ros2_cpp/src/my_robot_controller -DCMAKE_INSTALL_PREFIX=/home/youhans/ros2_cpp/install/my_robot_controller
[0.034s] -- Found ament_cmake: 1.3.6 (/opt/ros/humble/share/ament_cmake/cmake)
[0.108s] -- Override CMake install command with custom implementation using symlinks instead of copying resources
[0.111s] -- Found rclcpp: 16.0.7 (/opt/ros/humble/share/rclcpp/cmake)
[0.127s] -- Found rosidl_generator_c: 3.1.5 (/opt/ros/humble/share/rosidl_generator_c/cmake)
[0.129s] -- Found rosidl_adapter: 3.1.5 (/opt/ros/humble/share/rosidl_adapter/cmake)
[0.132s] -- Found rosidl_generator_cpp: 3.1.5 (/opt/ros/humble/share/rosidl_generator_cpp/cmake)
[0.138s] -- Using all available rosidl_typesupport_c: rosidl_typesupport_fastrtps_c;rosidl_typesupport_introspection_c
[0.146s] -- Using all available rosidl_typesupport_cpp: rosidl_typesupport_fastrtps_cpp;rosidl_typesupport_introspection_cpp
[0.176s] -- Found rmw_implementation_cmake: 6.1.1 (/opt/ros/humble/share/rmw_implementation_cmake/cmake)
[0.177s] -- Found rmw_fastrtps_cpp: 6.2.5 (/opt/ros/humble/share/rmw_fastrtps_cpp/cmake)
[0.238s] -- Using RMW implementation 'rmw_fastrtps_cpp' as default
[0.321s] -- Found geometry_msgs: 4.2.3 (/opt/ros/humble/share/geometry_msgs/cmake)
[0.345s] -- Found ament_lint_auto: 0.12.9 (/opt/ros/humble/share/ament_lint_auto/cmake)
[0.382s] -- Added test 'cppcheck' to perform static code analysis on C / C++ code
[0.382s] -- Configured cppcheck include dirs: 
[0.382s] -- Configured cppcheck exclude dirs and/or files: 
[0.382s] -- Added test 'lint_cmake' to check CMake code style
[0.383s] -- Added test 'uncrustify' to check C / C++ code style
[0.383s] -- Configured uncrustify additional arguments: 
[0.383s] -- Added test 'xmllint' to check XML markup files
[0.383s] -- Configuring done
[0.387s] -- Generating done
[0.388s] -- Build files have been written to: /home/youhans/ros2_cpp/build/my_robot_controller
[0.393s] Invoked command in '/home/youhans/ros2_cpp/build/my_robot_controller' returned '0': CMAKE_PREFIX_PATH=${CMAKE_PREFIX_PATH}:/opt/ros/humble /usr/bin/cmake /home/youhans/ros2_cpp/src/my_robot_controller -DCMAKE_INSTALL_PREFIX=/home/youhans/ros2_cpp/install/my_robot_controller
[0.394s] Invoking command in '/home/youhans/ros2_cpp/build/my_robot_controller': CMAKE_PREFIX_PATH=${CMAKE_PREFIX_PATH}:/opt/ros/humble /usr/bin/cmake --build /home/youhans/ros2_cpp/build/my_robot_controller -- -j16 -l16
[0.414s] [35m[1mConsolidate compiler generated dependencies of target pub[0m
[0.422s] [100%] Built target pub
[0.429s] Invoked command in '/home/youhans/ros2_cpp/build/my_robot_controller' returned '0': CMAKE_PREFIX_PATH=${CMAKE_PREFIX_PATH}:/opt/ros/humble /usr/bin/cmake --build /home/youhans/ros2_cpp/build/my_robot_controller -- -j16 -l16
[0.447s] Invoking command in '/home/youhans/ros2_cpp/build/my_robot_controller': CMAKE_PREFIX_PATH=${CMAKE_PREFIX_PATH}:/opt/ros/humble /usr/bin/cmake --install /home/youhans/ros2_cpp/build/my_robot_controller
[0.451s] -- Install configuration: ""
[0.451s] -- Execute custom install script
[0.451s] -- Up-to-date symlink: /home/youhans/ros2_cpp/install/my_robot_controller/lib/my_robot_controller/pub
[0.451s] -- Up-to-date symlink: /home/youhans/ros2_cpp/install/my_robot_controller/share/ament_index/resource_index/package_run_dependencies/my_robot_controller
[0.451s] -- Up-to-date symlink: /home/youhans/ros2_cpp/install/my_robot_controller/share/ament_index/resource_index/parent_prefix_path/my_robot_controller
[0.451s] -- Up-to-date symlink: /home/youhans/ros2_cpp/install/my_robot_controller/share/my_robot_controller/environment/ament_prefix_path.sh
[0.451s] -- Up-to-date symlink: /home/youhans/ros2_cpp/install/my_robot_controller/share/my_robot_controller/environment/ament_prefix_path.dsv
[0.452s] -- Up-to-date symlink: /home/youhans/ros2_cpp/install/my_robot_controller/share/my_robot_controller/environment/path.sh
[0.452s] -- Up-to-date symlink: /home/youhans/ros2_cpp/install/my_robot_controller/share/my_robot_controller/environment/path.dsv
[0.452s] -- Up-to-date symlink: /home/youhans/ros2_cpp/install/my_robot_controller/share/my_robot_controller/local_setup.bash
[0.452s] -- Up-to-date symlink: /home/youhans/ros2_cpp/install/my_robot_controller/share/my_robot_controller/local_setup.sh
[0.452s] -- Up-to-date symlink: /home/youhans/ros2_cpp/install/my_robot_controller/share/my_robot_controller/local_setup.zsh
[0.452s] -- Up-to-date symlink: /home/youhans/ros2_cpp/install/my_robot_controller/share/my_robot_controller/local_setup.dsv
[0.452s] -- Symlinking: /home/youhans/ros2_cpp/install/my_robot_controller/share/my_robot_controller/package.dsv
[0.456s] -- Up-to-date symlink: /home/youhans/ros2_cpp/install/my_robot_controller/share/ament_index/resource_index/packages/my_robot_controller
[0.456s] -- Up-to-date symlink: /home/youhans/ros2_cpp/install/my_robot_controller/share/my_robot_controller/cmake/my_robot_controllerConfig.cmake
[0.456s] -- Up-to-date symlink: /home/youhans/ros2_cpp/install/my_robot_controller/share/my_robot_controller/cmake/my_robot_controllerConfig-version.cmake
[0.456s] -- Up-to-date symlink: /home/youhans/ros2_cpp/install/my_robot_controller/share/my_robot_controller/package.xml
[0.458s] Invoked command in '/home/youhans/ros2_cpp/build/my_robot_controller' returned '0': CMAKE_PREFIX_PATH=${CMAKE_PREFIX_PATH}:/opt/ros/humble /usr/bin/cmake --install /home/youhans/ros2_cpp/build/my_robot_controller
