[0.026s] Invoking command in '/home/youhans/ros2_cpp/build/my_robot_controller': CMAKE_PREFIX_PATH=${CMAKE_PREFIX_PATH}:/opt/ros/humble /usr/bin/cmake --build /home/youhans/ros2_cpp/build/my_robot_controller -- -j16 -l16
[0.049s] [35m[1mConsolidate compiler generated dependencies of target pub[0m
[0.057s] [ 50%] [32mBuilding CXX object CMakeFiles/pub.dir/src/turtlepub.cpp.o[0m
[1.142s] In file included from [01m[K/opt/ros/humble/include/rclcpp/rclcpp/topic_statistics/subscription_topic_statistics.hpp:31[m[K,
[1.142s]                  from [01m[K/opt/ros/humble/include/rclcpp/rclcpp/subscription.hpp:50[m[K,
[1.142s]                  from [01m[K/opt/ros/humble/include/rclcpp/rclcpp/any_executable.hpp:25[m[K,
[1.142s]                  from [01m[K/opt/ros/humble/include/rclcpp/rclcpp/memory_strategy.hpp:25[m[K,
[1.142s]                  from [01m[K/opt/ros/humble/include/rclcpp/rclcpp/memory_strategies.hpp:18[m[K,
[1.142s]                  from [01m[K/opt/ros/humble/include/rclcpp/rclcpp/executor_options.hpp:20[m[K,
[1.142s]                  from [01m[K/opt/ros/humble/include/rclcpp/rclcpp/executor.hpp:37[m[K,
[1.142s]                  from [01m[K/opt/ros/humble/include/rclcpp/rclcpp/executors/multi_threaded_executor.hpp:25[m[K,
[1.142s]                  from [01m[K/opt/ros/humble/include/rclcpp/rclcpp/executors.hpp:21[m[K,
[1.142s]                  from [01m[K/opt/ros/humble/include/rclcpp/rclcpp/rclcpp.hpp:155[m[K,
[1.142s]                  from [01m[K/home/youhans/ros2_cpp/src/my_robot_controller/src/turtlepub.cpp:6[m[K:
[1.142s] /opt/ros/humble/include/rclcpp/rclcpp/publisher.hpp: In instantiation of ‘[01m[Kclass rclcpp::Publisher<geometry_msgs::msg::Twist_<std::allocator<void> >(), std::allocator<void> >[m[K’:
[1.142s] [01m[K/usr/include/c++/11/type_traits:1442:45:[m[K   required by substitution of ‘[01m[Ktemplate<class _From1, class _To1, class> static std::true_type std::__is_convertible_helper<rclcpp::Publisher<geometry_msgs::msg::Twist_<std::allocator<void> >(), std::allocator<void> >*, rclcpp::Publisher<geometry_msgs::msg::Twist_<std::allocator<void> > >*, false>::__test<_From1, _To1, <template-parameter-1-3> >(int) [with _From1 = rclcpp::Publisher<geometry_msgs::msg::Twist_<std::allocator<void> >(), std::allocator<void> >*; _To1 = rclcpp::Publisher<geometry_msgs::msg::Twist_<std::allocator<void> > >*; <template-parameter-1-3> = <missing>][m[K’
[1.142s] [01m[K/usr/include/c++/11/type_traits:1451:42:[m[K   required from ‘[01m[Kstruct std::__is_convertible_helper<rclcpp::Publisher<geometry_msgs::msg::Twist_<std::allocator<void> >(), std::allocator<void> >*, rclcpp::Publisher<geometry_msgs::msg::Twist_<std::allocator<void> > >*, false>[m[K’
[1.142s] [01m[K/usr/include/c++/11/type_traits:1457:12:[m[K   required from ‘[01m[Kstruct std::is_convertible<rclcpp::Publisher<geometry_msgs::msg::Twist_<std::allocator<void> >(), std::allocator<void> >*, rclcpp::Publisher<geometry_msgs::msg::Twist_<std::allocator<void> > >*>[m[K’
[1.142s] [01m[K/usr/include/c++/11/bits/shared_ptr_base.h:899:12:[m[K   required from ‘[01m[Kstruct std::__sp_compatible_with<rclcpp::Publisher<geometry_msgs::msg::Twist_<std::allocator<void> >(), std::allocator<void> >*, rclcpp::Publisher<geometry_msgs::msg::Twist_<std::allocator<void> > >*>[m[K’
[1.142s] [01m[K/usr/include/c++/11/bits/shared_ptr_base.h:1066:8:[m[K   required by substitution of ‘[01m[Ktemplate<class _Tp, __gnu_cxx::_Lock_policy _Lp> template<class _Yp, class _Res> using _Compatible = typename std::enable_if<std::__sp_compatible_with<_Yp*, _Tp*>::value, _Res>::type [with _Yp = rclcpp::Publisher<geometry_msgs::msg::Twist_<std::allocator<void> >(), std::allocator<void> >; _Res = void; _Tp = rclcpp::Publisher<geometry_msgs::msg::Twist_<std::allocator<void> > >; __gnu_cxx::_Lock_policy _Lp = __gnu_cxx::_S_atomic][m[K’
[1.143s] [01m[K/usr/include/c++/11/bits/shared_ptr_base.h:1156:30:[m[K   required by substitution of ‘[01m[Ktemplate<class _Yp, class> std::__shared_ptr<rclcpp::Publisher<geometry_msgs::msg::Twist_<std::allocator<void> > >, __gnu_cxx::_S_atomic>::__shared_ptr(const std::__shared_ptr<_Tp>&) [with _Yp = rclcpp::Publisher<geometry_msgs::msg::Twist_<std::allocator<void> >(), std::allocator<void> >; <template-parameter-1-2> = <missing>][m[K’
[1.143s] [01m[K/usr/include/c++/11/type_traits:946:30:[m[K   required from ‘[01m[Kstruct std::__is_constructible_impl<std::__shared_ptr<rclcpp::Publisher<geometry_msgs::msg::Twist_<std::allocator<void> > >, __gnu_cxx::_S_atomic>, const std::shared_ptr<rclcpp::Publisher<geometry_msgs::msg::Twist_<std::allocator<void> >(), std::allocator<void> > >&>[m[K’
[1.143s] [01m[K/usr/include/c++/11/type_traits:952:12:[m[K   required from ‘[01m[Kstruct std::is_constructible<std::__shared_ptr<rclcpp::Publisher<geometry_msgs::msg::Twist_<std::allocator<void> > >, __gnu_cxx::_S_atomic>, const std::shared_ptr<rclcpp::Publisher<geometry_msgs::msg::Twist_<std::allocator<void> >(), std::allocator<void> > >&>[m[K’
[1.143s] [01m[K/usr/include/c++/11/bits/shared_ptr.h:125:8:[m[K   required by substitution of ‘[01m[Ktemplate<class _Tp> template<class ... _Args> using _Constructible = typename std::enable_if<std::is_constructible<std::__shared_ptr<_Tp>, _Args ...>::value>::type [with _Args = {const std::shared_ptr<rclcpp::Publisher<geometry_msgs::msg::Twist_<std::allocator<void> >(), std::allocator<void> > >&}; _Tp = rclcpp::Publisher<geometry_msgs::msg::Twist_<std::allocator<void> > >][m[K’
[1.143s] [01m[K/usr/include/c++/11/bits/shared_ptr.h:295:9:[m[K   required by substitution of ‘[01m[Ktemplate<class _Yp, class> std::shared_ptr<rclcpp::Publisher<geometry_msgs::msg::Twist_<std::allocator<void> > > >::shared_ptr(const std::shared_ptr<_Tp>&) [with _Yp = rclcpp::Publisher<geometry_msgs::msg::Twist_<std::allocator<void> >(), std::allocator<void> >; <template-parameter-1-2> = <missing>][m[K’
[1.143s] [01m[K/home/youhans/ros2_cpp/src/my_robot_controller/src/turtlepub.cpp:21:94:[m[K   required from here
[1.143s] [01m[K/opt/ros/humble/include/rclcpp/rclcpp/publisher.hpp:81:47:[m[K [01;31m[Kerror: [m[Kstatic assertion failed: given message type is not compatible with ROS and cannot be used with a Publisher
[1.143s]    81 |     rclcpp::is_ros_compatible_type<MessageT>::[01;31m[Kvalue[m[K,
[1.143s]       |                                               [01;31m[K^~~~~[m[K
[1.143s] [01m[K/opt/ros/humble/include/rclcpp/rclcpp/publisher.hpp:81:47:[m[K [01;36m[Knote: [m[K‘[01m[Krclcpp::is_ros_compatible_type<geometry_msgs::msg::Twist_<std::allocator<void> >()>::value[m[K’ evaluates to false
[1.143s] In file included from [01m[K/usr/include/x86_64-linux-gnu/c++/11/bits/c++allocator.h:33[m[K,
[1.143s]                  from [01m[K/usr/include/c++/11/bits/allocator.h:46[m[K,
[1.143s]                  from [01m[K/usr/include/c++/11/unordered_map:40[m[K,
[1.143s]                  from [01m[K/usr/include/c++/11/functional:61[m[K,
[1.143s]                  from [01m[K/home/youhans/ros2_cpp/src/my_robot_controller/src/turtlepub.cpp:2[m[K:
[1.143s] /usr/include/c++/11/ext/new_allocator.h: In instantiation of ‘[01m[Kclass __gnu_cxx::new_allocator<geometry_msgs::msg::Twist_<std::allocator<void> >()>[m[K’:
[1.143s] [01m[K/usr/include/c++/11/bits/allocator.h:124:11:[m[K   required from ‘[01m[Kclass std::allocator<geometry_msgs::msg::Twist_<std::allocator<void> >()>[m[K’
[1.143s] [01m[K/opt/ros/humble/include/rclcpp/rclcpp/publisher.hpp:595:26:[m[K   required from ‘[01m[Kclass rclcpp::Publisher<geometry_msgs::msg::Twist_<std::allocator<void> >(), std::allocator<void> >[m[K’
[1.143s] [01m[K/usr/include/c++/11/type_traits:1442:45:[m[K   required by substitution of ‘[01m[Ktemplate<class _From1, class _To1, class> static std::true_type std::__is_convertible_helper<rclcpp::Publisher<geometry_msgs::msg::Twist_<std::allocator<void> >(), std::allocator<void> >*, rclcpp::Publisher<geometry_msgs::msg::Twist_<std::allocator<void> > >*, false>::__test<_From1, _To1, <template-parameter-1-3> >(int) [with _From1 = rclcpp::Publisher<geometry_msgs::msg::Twist_<std::allocator<void> >(), std::allocator<void> >*; _To1 = rclcpp::Publisher<geometry_msgs::msg::Twist_<std::allocator<void> > >*; <template-parameter-1-3> = <missing>][m[K’
[1.143s] [01m[K/usr/include/c++/11/type_traits:1451:42:[m[K   required from ‘[01m[Kstruct std::__is_convertible_helper<rclcpp::Publisher<geometry_msgs::msg::Twist_<std::allocator<void> >(), std::allocator<void> >*, rclcpp::Publisher<geometry_msgs::msg::Twist_<std::allocator<void> > >*, false>[m[K’
[1.143s] [01m[K/usr/include/c++/11/type_traits:1457:12:[m[K   required from ‘[01m[Kstruct std::is_convertible<rclcpp::Publisher<geometry_msgs::msg::Twist_<std::allocator<void> >(), std::allocator<void> >*, rclcpp::Publisher<geometry_msgs::msg::Twist_<std::allocator<void> > >*>[m[K’
[1.143s] [01m[K/usr/include/c++/11/bits/shared_ptr_base.h:899:12:[m[K   [ skipping 2 instantiation contexts, use -ftemplate-backtrace-limit=0 to disable ]
[1.143s] [01m[K/usr/include/c++/11/bits/shared_ptr_base.h:1156:30:[m[K   required by substitution of ‘[01m[Ktemplate<class _Yp, class> std::__shared_ptr<rclcpp::Publisher<geometry_msgs::msg::Twist_<std::allocator<void> > >, __gnu_cxx::_S_atomic>::__shared_ptr(const std::__shared_ptr<_Tp>&) [with _Yp = rclcpp::Publisher<geometry_msgs::msg::Twist_<std::allocator<void> >(), std::allocator<void> >; <template-parameter-1-2> = <missing>][m[K’
[1.143s] [01m[K/usr/include/c++/11/type_traits:946:30:[m[K   required from ‘[01m[Kstruct std::__is_constructible_impl<std::__shared_ptr<rclcpp::Publisher<geometry_msgs::msg::Twist_<std::allocator<void> > >, __gnu_cxx::_S_atomic>, const std::shared_ptr<rclcpp::Publisher<geometry_msgs::msg::Twist_<std::allocator<void> >(), std::allocator<void> > >&>[m[K’
[1.143s] [01m[K/usr/include/c++/11/type_traits:952:12:[m[K   required from ‘[01m[Kstruct std::is_constructible<std::__shared_ptr<rclcpp::Publisher<geometry_msgs::msg::Twist_<std::allocator<void> > >, __gnu_cxx::_S_atomic>, const std::shared_ptr<rclcpp::Publisher<geometry_msgs::msg::Twist_<std::allocator<void> >(), std::allocator<void> > >&>[m[K’
[1.143s] [01m[K/usr/include/c++/11/bits/shared_ptr.h:125:8:[m[K   required by substitution of ‘[01m[Ktemplate<class _Tp> template<class ... _Args> using _Constructible = typename std::enable_if<std::is_constructible<std::__shared_ptr<_Tp>, _Args ...>::value>::type [with _Args = {const std::shared_ptr<rclcpp::Publisher<geometry_msgs::msg::Twist_<std::allocator<void> >(), std::allocator<void> > >&}; _Tp = rclcpp::Publisher<geometry_msgs::msg::Twist_<std::allocator<void> > >][m[K’
[1.143s] [01m[K/usr/include/c++/11/bits/shared_ptr.h:295:9:[m[K   required by substitution of ‘[01m[Ktemplate<class _Yp, class> std::shared_ptr<rclcpp::Publisher<geometry_msgs::msg::Twist_<std::allocator<void> > > >::shared_ptr(const std::shared_ptr<_Tp>&) [with _Yp = rclcpp::Publisher<geometry_msgs::msg::Twist_<std::allocator<void> >(), std::allocator<void> >; <template-parameter-1-2> = <missing>][m[K’
[1.143s] [01m[K/home/youhans/ros2_cpp/src/my_robot_controller/src/turtlepub.cpp:21:94:[m[K   required from here
[1.144s] [01m[K/usr/include/c++/11/ext/new_allocator.h:96:7:[m[K [01;31m[Kerror: [m[K‘[01m[Kconst _Tp* __gnu_cxx::new_allocator<_Tp>::address(__gnu_cxx::new_allocator<_Tp>::const_reference) const [with _Tp = geometry_msgs::msg::Twist_<std::allocator<void> >(); __gnu_cxx::new_allocator<_Tp>::const_pointer = geometry_msgs::msg::Twist_<std::allocator<void> > (*)(); __gnu_cxx::new_allocator<_Tp>::const_reference = geometry_msgs::msg::Twist_<std::allocator<void> > (&)()][m[K’ cannot be overloaded with ‘[01m[K_Tp* __gnu_cxx::new_allocator<_Tp>::address(__gnu_cxx::new_allocator<_Tp>::reference) const [with _Tp = geometry_msgs::msg::Twist_<std::allocator<void> >(); __gnu_cxx::new_allocator<_Tp>::pointer = geometry_msgs::msg::Twist_<std::allocator<void> > (*)(); __gnu_cxx::new_allocator<_Tp>::reference = geometry_msgs::msg::Twist_<std::allocator<void> > (&)()][m[K’
[1.144s]    96 |       [01;31m[Kaddress[m[K(const_reference __x) const _GLIBCXX_NOEXCEPT
[1.144s]       |       [01;31m[K^~~~~~~[m[K
[1.144s] [01m[K/usr/include/c++/11/ext/new_allocator.h:92:7:[m[K [01;36m[Knote: [m[Kprevious declaration ‘[01m[K_Tp* __gnu_cxx::new_allocator<_Tp>::address(__gnu_cxx::new_allocator<_Tp>::reference) const [with _Tp = geometry_msgs::msg::Twist_<std::allocator<void> >(); __gnu_cxx::new_allocator<_Tp>::pointer = geometry_msgs::msg::Twist_<std::allocator<void> > (*)(); __gnu_cxx::new_allocator<_Tp>::reference = geometry_msgs::msg::Twist_<std::allocator<void> > (&)()][m[K’
[1.144s]    92 |       [01;36m[Kaddress[m[K(reference __x) const _GLIBCXX_NOEXCEPT
[1.144s]       |       [01;36m[K^~~~~~~[m[K
[1.144s] [01m[K/home/youhans/ros2_cpp/src/my_robot_controller/src/turtlepub.cpp:[m[K In constructor ‘[01m[KMinimalPublisher::MinimalPublisher()[m[K’:
[1.144s] [01m[K/home/youhans/ros2_cpp/src/my_robot_controller/src/turtlepub.cpp:21:94:[m[K [01;31m[Kerror: [m[Kno match for ‘[01m[Koperator=[m[K’ (operand types are ‘[01m[Krclcpp::Publisher<geometry_msgs::msg::Twist_<std::allocator<void> > >::SharedPtr[m[K’ {aka ‘[01m[Kstd::shared_ptr<rclcpp::Publisher<geometry_msgs::msg::Twist_<std::allocator<void> > > >[m[K’} and ‘[01m[Kstd::shared_ptr<rclcpp::Publisher<geometry_msgs::msg::Twist_<std::allocator<void> >(), std::allocator<void> > >[m[K’)
[1.144s]    21 | >create_publisher<geometry_msgs::msg::Twist()>("/turtle1/cmd_vel", 10[01;31m[K)[m[K;
[1.144s]       |                                                                      [01;31m[K^[m[K
[1.144s] 
[1.144s] In file included from [01m[K/usr/include/c++/11/memory:77[m[K,
[1.144s]                  from [01m[K/home/youhans/ros2_cpp/src/my_robot_controller/src/turtlepub.cpp:3[m[K:
[1.144s] [01m[K/usr/include/c++/11/bits/shared_ptr.h:363:9:[m[K [01;36m[Knote: [m[Kcandidate: ‘[01m[Ktemplate<class _Yp> std::shared_ptr<_Tp>::_Assignable<const std::shared_ptr<_Yp>&> std::shared_ptr<_Tp>::operator=(const std::shared_ptr<_Yp>&) [with _Yp = _Yp; _Tp = rclcpp::Publisher<geometry_msgs::msg::Twist_<std::allocator<void> > >][m[K’
[1.144s]   363 |         [01;36m[Koperator[m[K=(const shared_ptr<_Yp>& __r) noexcept
[1.144s]       |         [01;36m[K^~~~~~~~[m[K
[1.144s] [01m[K/usr/include/c++/11/bits/shared_ptr.h:363:9:[m[K [01;36m[Knote: [m[K  template argument deduction/substitution failed:
[1.144s] /usr/include/c++/11/bits/shared_ptr.h: In substitution of ‘[01m[Ktemplate<class _Tp> template<class _Arg> using _Assignable = typename std::enable_if<std::is_assignable<std::__shared_ptr<_Tp>&, _Arg>::value, std::shared_ptr<_Tp>&>::type [with _Arg = const std::shared_ptr<rclcpp::Publisher<geometry_msgs::msg::Twist_<std::allocator<void> >(), std::allocator<void> > >&; _Tp = rclcpp::Publisher<geometry_msgs::msg::Twist_<std::allocator<void> > >][m[K’:
[1.144s] [01m[K/usr/include/c++/11/bits/shared_ptr.h:363:2:[m[K   required by substitution of ‘[01m[Ktemplate<class _Yp> std::shared_ptr<rclcpp::Publisher<geometry_msgs::msg::Twist_<std::allocator<void> > > >::_Assignable<const std::shared_ptr<_Tp>&> std::shared_ptr<rclcpp::Publisher<geometry_msgs::msg::Twist_<std::allocator<void> > > >::operator=<_Yp>(const std::shared_ptr<_Tp>&) [with _Yp = rclcpp::Publisher<geometry_msgs::msg::Twist_<std::allocator<void> >(), std::allocator<void> >][m[K’
[1.144s] [01m[K/home/youhans/ros2_cpp/src/my_robot_controller/src/turtlepub.cpp:21:94:[m[K   required from here
[1.144s] [01m[K/usr/include/c++/11/bits/shared_ptr.h:130:15:[m[K [01;31m[Kerror: [m[Kno type named ‘[01m[Ktype[m[K’ in ‘[01m[Kstruct std::enable_if<false, std::shared_ptr<rclcpp::Publisher<geometry_msgs::msg::Twist_<std::allocator<void> > > >&>[m[K’
[1.144s]   130 |         using [01;31m[K_Assignable[m[K = typename enable_if<
[1.144s]       |               [01;31m[K^~~~~~~~~~~[m[K
[1.144s] [01m[K/usr/include/c++/11/bits/shared_ptr.h:374:9:[m[K [01;36m[Knote: [m[Kcandidate: ‘[01m[Ktemplate<class _Yp> std::shared_ptr<_Tp>::_Assignable<std::auto_ptr<_Up> > std::shared_ptr<_Tp>::operator=(std::auto_ptr<_Up>&&) [with _Yp = _Yp; _Tp = rclcpp::Publisher<geometry_msgs::msg::Twist_<std::allocator<void> > >][m[K’
[1.144s]   374 |         [01;36m[Koperator[m[K=(auto_ptr<_Yp>&& __r)
[1.144s]       |         [01;36m[K^~~~~~~~[m[K
[1.144s] [01m[K/usr/include/c++/11/bits/shared_ptr.h:374:9:[m[K [01;36m[Knote: [m[K  template argument deduction/substitution failed:
[1.144s] [01m[K/home/youhans/ros2_cpp/src/my_robot_controller/src/turtlepub.cpp:21:94:[m[K [01;36m[Knote: [m[K  ‘[01m[Kstd::shared_ptr<rclcpp::Publisher<geometry_msgs::msg::Twist_<std::allocator<void> >(), std::allocator<void> > >[m[K’ is not derived from ‘[01m[Kstd::auto_ptr<_Up>[m[K’
[1.144s]    21 | >create_publisher<geometry_msgs::msg::Twist()>("/turtle1/cmd_vel", 10[01;36m[K)[m[K;
[1.144s]       |                                                                      [01;36m[K^[m[K
[1.144s] 
[1.144s] In file included from [01m[K/usr/include/c++/11/memory:77[m[K,
[1.144s]                  from [01m[K/home/youhans/ros2_cpp/src/my_robot_controller/src/turtlepub.cpp:3[m[K:
[1.144s] [01m[K/usr/include/c++/11/bits/shared_ptr.h:391:9:[m[K [01;36m[Knote: [m[Kcandidate: ‘[01m[Ktemplate<class _Yp> std::shared_ptr<_Tp>::_Assignable<std::shared_ptr<_Yp> > std::shared_ptr<_Tp>::operator=(std::shared_ptr<_Yp>&&) [with _Yp = _Yp; _Tp = rclcpp::Publisher<geometry_msgs::msg::Twist_<std::allocator<void> > >][m[K’
[1.144s]   391 |         [01;36m[Koperator[m[K=(shared_ptr<_Yp>&& __r) noexcept
[1.144s]       |         [01;36m[K^~~~~~~~[m[K
[1.144s] [01m[K/usr/include/c++/11/bits/shared_ptr.h:391:9:[m[K [01;36m[Knote: [m[K  template argument deduction/substitution failed:
[1.144s] /usr/include/c++/11/bits/shared_ptr.h: In substitution of ‘[01m[Ktemplate<class _Tp> template<class _Arg> using _Assignable = typename std::enable_if<std::is_assignable<std::__shared_ptr<_Tp>&, _Arg>::value, std::shared_ptr<_Tp>&>::type [with _Arg = std::shared_ptr<rclcpp::Publisher<geometry_msgs::msg::Twist_<std::allocator<void> >(), std::allocator<void> > >; _Tp = rclcpp::Publisher<geometry_msgs::msg::Twist_<std::allocator<void> > >][m[K’:
[1.145s] [01m[K/usr/include/c++/11/bits/shared_ptr.h:391:2:[m[K   required by substitution of ‘[01m[Ktemplate<class _Yp> std::shared_ptr<rclcpp::Publisher<geometry_msgs::msg::Twist_<std::allocator<void> > > >::_Assignable<std::shared_ptr<_Tp> > std::shared_ptr<rclcpp::Publisher<geometry_msgs::msg::Twist_<std::allocator<void> > > >::operator=<_Yp>(std::shared_ptr<_Tp>&&) [with _Yp = rclcpp::Publisher<geometry_msgs::msg::Twist_<std::allocator<void> >(), std::allocator<void> >][m[K’
[1.145s] [01m[K/home/youhans/ros2_cpp/src/my_robot_controller/src/turtlepub.cpp:21:94:[m[K   required from here
[1.145s] [01m[K/usr/include/c++/11/bits/shared_ptr.h:130:15:[m[K [01;31m[Kerror: [m[Kno type named ‘[01m[Ktype[m[K’ in ‘[01m[Kstruct std::enable_if<false, std::shared_ptr<rclcpp::Publisher<geometry_msgs::msg::Twist_<std::allocator<void> > > >&>[m[K’
[1.145s]   130 |         using [01;31m[K_Assignable[m[K = typename enable_if<
[1.145s]       |               [01;31m[K^~~~~~~~~~~[m[K
[1.145s] [01m[K/usr/include/c++/11/bits/shared_ptr.h:399:9:[m[K [01;36m[Knote: [m[Kcandidate: ‘[01m[Ktemplate<class _Yp, class _Del> std::shared_ptr<_Tp>::_Assignable<std::unique_ptr<_Up, _Ep> > std::shared_ptr<_Tp>::operator=(std::unique_ptr<_Up, _Ep>&&) [with _Yp = _Yp; _Del = _Del; _Tp = rclcpp::Publisher<geometry_msgs::msg::Twist_<std::allocator<void> > >][m[K’
[1.145s]   399 |         [01;36m[Koperator[m[K=(unique_ptr<_Yp, _Del>&& __r)
[1.145s]       |         [01;36m[K^~~~~~~~[m[K
[1.145s] [01m[K/usr/include/c++/11/bits/shared_ptr.h:399:9:[m[K [01;36m[Knote: [m[K  template argument deduction/substitution failed:
[1.145s] [01m[K/home/youhans/ros2_cpp/src/my_robot_controller/src/turtlepub.cpp:21:94:[m[K [01;36m[Knote: [m[K  ‘[01m[Kstd::shared_ptr<rclcpp::Publisher<geometry_msgs::msg::Twist_<std::allocator<void> >(), std::allocator<void> > >[m[K’ is not derived from ‘[01m[Kstd::unique_ptr<_Tp, _Dp>[m[K’
[1.145s]    21 | >create_publisher<geometry_msgs::msg::Twist()>("/turtle1/cmd_vel", 10[01;36m[K)[m[K;
[1.145s]       |                                                                      [01;36m[K^[m[K
[1.145s] 
[1.145s] In file included from [01m[K/usr/include/c++/11/memory:77[m[K,
[1.145s]                  from [01m[K/home/youhans/ros2_cpp/src/my_robot_controller/src/turtlepub.cpp:3[m[K:
[1.145s] [01m[K/usr/include/c++/11/bits/shared_ptr.h:359:19:[m[K [01;36m[Knote: [m[Kcandidate: ‘[01m[Kstd::shared_ptr<_Tp>& std::shared_ptr<_Tp>::operator=(const std::shared_ptr<_Tp>&) [with _Tp = rclcpp::Publisher<geometry_msgs::msg::Twist_<std::allocator<void> > >][m[K’
[1.145s]   359 |       shared_ptr& [01;36m[Koperator[m[K=(const shared_ptr&) noexcept = default;
[1.145s]       |                   [01;36m[K^~~~~~~~[m[K
[1.145s] [01m[K/usr/include/c++/11/bits/shared_ptr.h:359:29:[m[K [01;36m[Knote: [m[K  no known conversion for argument 1 from ‘[01m[Kstd::shared_ptr<rclcpp::Publisher<geometry_msgs::msg::Twist_<std::allocator<void> >(), std::allocator<void> > >[m[K’ to ‘[01m[Kconst std::shared_ptr<rclcpp::Publisher<geometry_msgs::msg::Twist_<std::allocator<void> > > >&[m[K’
[1.145s]   359 |       shared_ptr& operator=([01;36m[Kconst shared_ptr&[m[K) noexcept = default;
[1.145s]       |                             [01;36m[K^~~~~~~~~~~~~~~~~[m[K
[1.145s] [01m[K/usr/include/c++/11/bits/shared_ptr.h:383:7:[m[K [01;36m[Knote: [m[Kcandidate: ‘[01m[Kstd::shared_ptr<_Tp>& std::shared_ptr<_Tp>::operator=(std::shared_ptr<_Tp>&&) [with _Tp = rclcpp::Publisher<geometry_msgs::msg::Twist_<std::allocator<void> > >][m[K’
[1.145s]   383 |       [01;36m[Koperator[m[K=(shared_ptr&& __r) noexcept
[1.145s]       |       [01;36m[K^~~~~~~~[m[K
[1.145s] [01m[K/usr/include/c++/11/bits/shared_ptr.h:383:30:[m[K [01;36m[Knote: [m[K  no known conversion for argument 1 from ‘[01m[Kstd::shared_ptr<rclcpp::Publisher<geometry_msgs::msg::Twist_<std::allocator<void> >(), std::allocator<void> > >[m[K’ to ‘[01m[Kstd::shared_ptr<rclcpp::Publisher<geometry_msgs::msg::Twist_<std::allocator<void> > > >&&[m[K’
[1.145s]   383 |       operator=([01;36m[Kshared_ptr&& __r[m[K) noexcept
[1.145s]       |                 [01;36m[K~~~~~~~~~~~~~^~~[m[K
[1.533s] gmake[2]: *** [CMakeFiles/pub.dir/build.make:76: CMakeFiles/pub.dir/src/turtlepub.cpp.o] Error 1
[1.533s] gmake[1]: *** [CMakeFiles/Makefile2:137: CMakeFiles/pub.dir/all] Error 2
[1.534s] gmake: *** [Makefile:146: all] Error 2
[1.535s] Invoked command in '/home/youhans/ros2_cpp/build/my_robot_controller' returned '2': CMAKE_PREFIX_PATH=${CMAKE_PREFIX_PATH}:/opt/ros/humble /usr/bin/cmake --build /home/youhans/ros2_cpp/build/my_robot_controller -- -j16 -l16
