[0.067s] DEBUG:colcon:Command line arguments: ['/usr/bin/colcon', 'build']
[0.067s] DEBUG:colcon:Parsed command line arguments: Namespace(log_base=None, log_level=None, verb_name='build', build_base='build', install_base='install', merge_install=False, symlink_install=False, test_result_base=None, continue_on_error=False, executor='parallel', parallel_workers=16, event_handlers=None, ignore_user_meta=False, metas=['./colcon.meta'], base_paths=['.'], packages_ignore=None, packages_ignore_regex=None, paths=None, packages_up_to=None, packages_up_to_regex=None, packages_above=None, packages_above_and_dependencies=None, packages_above_depth=None, packages_select_by_dep=None, packages_skip_by_dep=None, packages_skip_up_to=None, packages_select_build_failed=False, packages_skip_build_finished=False, packages_select_test_failures=False, packages_skip_test_passed=False, packages_select=None, packages_skip=None, packages_select_regex=None, packages_skip_regex=None, packages_start=None, packages_end=None, allow_overriding=[], cmake_args=None, cmake_target=None, cmake_target_skip_unavailable=False, cmake_clean_cache=False, cmake_clean_first=False, cmake_force_configure=False, ament_cmake_args=None, catkin_cmake_args=None, catkin_skip_building_tests=False, verb_parser=<colcon_defaults.argument_parser.defaults.DefaultArgumentsDecorator object at 0x7f206fcf7be0>, verb_extension=<colcon_core.verb.build.BuildVerb object at 0x7f206fcf76d0>, main=<bound method BuildVerb.main of <colcon_core.verb.build.BuildVerb object at 0x7f206fcf76d0>>)
[0.150s] Level 1:colcon.colcon_core.package_discovery:discover_packages(colcon_meta) check parameters
[0.150s] Level 1:colcon.colcon_core.package_discovery:discover_packages(recursive) check parameters
[0.150s] Level 1:colcon.colcon_core.package_discovery:discover_packages(ignore) check parameters
[0.150s] Level 1:colcon.colcon_core.package_discovery:discover_packages(path) check parameters
[0.150s] Level 1:colcon.colcon_core.package_discovery:discover_packages(colcon_meta) discover
[0.150s] Level 1:colcon.colcon_core.package_discovery:discover_packages(recursive) discover
[0.150s] INFO:colcon.colcon_core.package_discovery:Crawling recursively for packages in '/home/youhans/ros2_cpp/src'
[0.150s] Level 1:colcon.colcon_core.package_identification:_identify(.) by extensions ['ignore', 'ignore_ament_install']
[0.150s] Level 1:colcon.colcon_core.package_identification:_identify(.) by extension 'ignore'
[0.150s] Level 1:colcon.colcon_core.package_identification:_identify(.) by extension 'ignore_ament_install'
[0.150s] Level 1:colcon.colcon_core.package_identification:_identify(.) by extensions ['colcon_pkg']
[0.150s] Level 1:colcon.colcon_core.package_identification:_identify(.) by extension 'colcon_pkg'
[0.150s] Level 1:colcon.colcon_core.package_identification:_identify(.) by extensions ['colcon_meta']
[0.150s] Level 1:colcon.colcon_core.package_identification:_identify(.) by extension 'colcon_meta'
[0.150s] Level 1:colcon.colcon_core.package_identification:_identify(.) by extensions ['ros']
[0.150s] Level 1:colcon.colcon_core.package_identification:_identify(.) by extension 'ros'
[0.156s] Level 1:colcon.colcon_core.package_identification:_identify(.) by extensions ['cmake', 'python']
[0.156s] Level 1:colcon.colcon_core.package_identification:_identify(.) by extension 'cmake'
[0.156s] Level 1:colcon.colcon_core.package_identification:_identify(.) by extension 'python'
[0.156s] Level 1:colcon.colcon_core.package_identification:_identify(.) by extensions ['python_setup_py']
[0.156s] Level 1:colcon.colcon_core.package_identification:_identify(.) by extension 'python_setup_py'
[0.156s] Level 1:colcon.colcon_core.package_identification:_identify(build) by extensions ['ignore', 'ignore_ament_install']
[0.156s] Level 1:colcon.colcon_core.package_identification:_identify(build) by extension 'ignore'
[0.156s] Level 1:colcon.colcon_core.package_identification:_identify(build) ignored
[0.157s] Level 1:colcon.colcon_core.package_identification:_identify(install) by extensions ['ignore', 'ignore_ament_install']
[0.157s] Level 1:colcon.colcon_core.package_identification:_identify(install) by extension 'ignore'
[0.157s] Level 1:colcon.colcon_core.package_identification:_identify(install) ignored
[0.157s] Level 1:colcon.colcon_core.package_identification:_identify(log) by extensions ['ignore', 'ignore_ament_install']
[0.157s] Level 1:colcon.colcon_core.package_identification:_identify(log) by extension 'ignore'
[0.157s] Level 1:colcon.colcon_core.package_identification:_identify(log) ignored
[0.157s] Level 1:colcon.colcon_core.package_identification:_identify(my_robot_controller) by extensions ['ignore', 'ignore_ament_install']
[0.157s] Level 1:colcon.colcon_core.package_identification:_identify(my_robot_controller) by extension 'ignore'
[0.157s] Level 1:colcon.colcon_core.package_identification:_identify(my_robot_controller) by extension 'ignore_ament_install'
[0.157s] Level 1:colcon.colcon_core.package_identification:_identify(my_robot_controller) by extensions ['colcon_pkg']
[0.157s] Level 1:colcon.colcon_core.package_identification:_identify(my_robot_controller) by extension 'colcon_pkg'
[0.157s] Level 1:colcon.colcon_core.package_identification:_identify(my_robot_controller) by extensions ['colcon_meta']
[0.157s] Level 1:colcon.colcon_core.package_identification:_identify(my_robot_controller) by extension 'colcon_meta'
[0.157s] Level 1:colcon.colcon_core.package_identification:_identify(my_robot_controller) by extensions ['ros']
[0.157s] Level 1:colcon.colcon_core.package_identification:_identify(my_robot_controller) by extension 'ros'
[0.158s] DEBUG:colcon.colcon_core.package_identification:Package 'my_robot_controller' with type 'ros.ament_cmake' and name 'my_robot_controller'
[0.158s] Level 1:colcon.colcon_core.package_discovery:discover_packages(recursive) using defaults
[0.158s] Level 1:colcon.colcon_core.package_discovery:discover_packages(ignore) discover
[0.158s] Level 1:colcon.colcon_core.package_discovery:discover_packages(ignore) using defaults
[0.158s] Level 1:colcon.colcon_core.package_discovery:discover_packages(path) discover
[0.158s] Level 1:colcon.colcon_core.package_discovery:discover_packages(path) using defaults
[0.174s] Level 1:colcon.colcon_core.package_discovery:discover_packages(prefix_path) check parameters
[0.174s] Level 1:colcon.colcon_core.package_discovery:discover_packages(prefix_path) discover
[0.176s] DEBUG:colcon.colcon_installed_package_information.package_discovery:Found 270 installed packages in /opt/ros/humble
[0.177s] Level 1:colcon.colcon_core.package_discovery:discover_packages(prefix_path) using defaults
[0.194s] Level 5:colcon.colcon_core.verb:set package 'my_robot_controller' build argument 'cmake_args' from command line to 'None'
[0.194s] Level 5:colcon.colcon_core.verb:set package 'my_robot_controller' build argument 'cmake_target' from command line to 'None'
[0.194s] Level 5:colcon.colcon_core.verb:set package 'my_robot_controller' build argument 'cmake_target_skip_unavailable' from command line to 'False'
[0.194s] Level 5:colcon.colcon_core.verb:set package 'my_robot_controller' build argument 'cmake_clean_cache' from command line to 'False'
[0.194s] Level 5:colcon.colcon_core.verb:set package 'my_robot_controller' build argument 'cmake_clean_first' from command line to 'False'
[0.195s] Level 5:colcon.colcon_core.verb:set package 'my_robot_controller' build argument 'cmake_force_configure' from command line to 'False'
[0.195s] Level 5:colcon.colcon_core.verb:set package 'my_robot_controller' build argument 'ament_cmake_args' from command line to 'None'
[0.195s] Level 5:colcon.colcon_core.verb:set package 'my_robot_controller' build argument 'catkin_cmake_args' from command line to 'None'
[0.195s] Level 5:colcon.colcon_core.verb:set package 'my_robot_controller' build argument 'catkin_skip_building_tests' from command line to 'False'
[0.195s] DEBUG:colcon.colcon_core.verb:Building package 'my_robot_controller' with the following arguments: {'ament_cmake_args': None, 'build_base': '/home/youhans/ros2_cpp/src/build/my_robot_controller', 'catkin_cmake_args': None, 'catkin_skip_building_tests': False, 'cmake_args': None, 'cmake_clean_cache': False, 'cmake_clean_first': False, 'cmake_force_configure': False, 'cmake_target': None, 'cmake_target_skip_unavailable': False, 'install_base': '/home/youhans/ros2_cpp/src/install/my_robot_controller', 'merge_install': False, 'path': '/home/youhans/ros2_cpp/src/my_robot_controller', 'symlink_install': False, 'test_result_base': None}
[0.195s] INFO:colcon.colcon_core.executor:Executing jobs using 'parallel' executor
[0.195s] DEBUG:colcon.colcon_parallel_executor.executor.parallel:run_until_complete
[0.195s] INFO:colcon.colcon_ros.task.ament_cmake.build:Building ROS package in '/home/youhans/ros2_cpp/src/my_robot_controller' with build type 'ament_cmake'
[0.195s] INFO:colcon.colcon_cmake.task.cmake.build:Building CMake package in '/home/youhans/ros2_cpp/src/my_robot_controller'
[0.197s] INFO:colcon.colcon_core.plugin_system:Skipping extension 'colcon_core.shell.bat': Not used on non-Windows systems
[0.197s] INFO:colcon.colcon_core.shell:Skip shell extension 'powershell' for command environment: Not usable outside of PowerShell
[0.197s] DEBUG:colcon.colcon_core.shell:Skip shell extension 'dsv' for command environment
[0.201s] DEBUG:colcon.colcon_core.event_handler.log_command:Invoking command in '/home/youhans/ros2_cpp/src/build/my_robot_controller': CMAKE_PREFIX_PATH=/opt/ros/humble /usr/bin/cmake /home/youhans/ros2_cpp/src/my_robot_controller -DCMAKE_INSTALL_PREFIX=/home/youhans/ros2_cpp/src/install/my_robot_controller
[1.013s] DEBUG:colcon.colcon_core.event_handler.log_command:Invoked command in '/home/youhans/ros2_cpp/src/build/my_robot_controller' returned '0': CMAKE_PREFIX_PATH=/opt/ros/humble /usr/bin/cmake /home/youhans/ros2_cpp/src/my_robot_controller -DCMAKE_INSTALL_PREFIX=/home/youhans/ros2_cpp/src/install/my_robot_controller
[1.015s] DEBUG:colcon.colcon_core.event_handler.log_command:Invoking command in '/home/youhans/ros2_cpp/src/build/my_robot_controller': CMAKE_PREFIX_PATH=/opt/ros/humble /usr/bin/cmake --build /home/youhans/ros2_cpp/src/build/my_robot_controller -- -j16 -l16
[5.360s] DEBUG:colcon.colcon_core.event_handler.log_command:Invoked command in '/home/youhans/ros2_cpp/src/build/my_robot_controller' returned '0': CMAKE_PREFIX_PATH=/opt/ros/humble /usr/bin/cmake --build /home/youhans/ros2_cpp/src/build/my_robot_controller -- -j16 -l16
[5.379s] DEBUG:colcon.colcon_core.event_handler.log_command:Invoking command in '/home/youhans/ros2_cpp/src/build/my_robot_controller': CMAKE_PREFIX_PATH=/opt/ros/humble /usr/bin/cmake --install /home/youhans/ros2_cpp/src/build/my_robot_controller
[5.387s] Level 1:colcon.colcon_core.environment:create_environment_scripts_only(my_robot_controller)
[5.387s] DEBUG:colcon.colcon_core.event_handler.log_command:Invoked command in '/home/youhans/ros2_cpp/src/build/my_robot_controller' returned '0': CMAKE_PREFIX_PATH=/opt/ros/humble /usr/bin/cmake --install /home/youhans/ros2_cpp/src/build/my_robot_controller
[5.390s] Level 1:colcon.colcon_core.environment:checking '/home/youhans/ros2_cpp/src/install/my_robot_controller' for CMake module files
[5.391s] Level 1:colcon.colcon_core.environment:checking '/home/youhans/ros2_cpp/src/install/my_robot_controller' for CMake config files
[5.391s] Level 1:colcon.colcon_core.shell:create_environment_hook('my_robot_controller', 'cmake_prefix_path')
[5.391s] INFO:colcon.colcon_core.shell:Creating environment hook '/home/youhans/ros2_cpp/src/install/my_robot_controller/share/my_robot_controller/hook/cmake_prefix_path.ps1'
[5.392s] INFO:colcon.colcon_core.shell:Creating environment descriptor '/home/youhans/ros2_cpp/src/install/my_robot_controller/share/my_robot_controller/hook/cmake_prefix_path.dsv'
[5.392s] INFO:colcon.colcon_core.shell:Creating environment hook '/home/youhans/ros2_cpp/src/install/my_robot_controller/share/my_robot_controller/hook/cmake_prefix_path.sh'
[5.393s] Level 1:colcon.colcon_core.environment:checking '/home/youhans/ros2_cpp/src/install/my_robot_controller/lib'
[5.393s] Level 1:colcon.colcon_core.environment:checking '/home/youhans/ros2_cpp/src/install/my_robot_controller/bin'
[5.393s] Level 1:colcon.colcon_core.environment:checking '/home/youhans/ros2_cpp/src/install/my_robot_controller/lib/pkgconfig/my_robot_controller.pc'
[5.393s] Level 1:colcon.colcon_core.environment:checking '/home/youhans/ros2_cpp/src/install/my_robot_controller/lib/python3.10/site-packages'
[5.394s] Level 1:colcon.colcon_core.environment:checking '/home/youhans/ros2_cpp/src/install/my_robot_controller/bin'
[5.394s] INFO:colcon.colcon_core.shell:Creating package script '/home/youhans/ros2_cpp/src/install/my_robot_controller/share/my_robot_controller/package.ps1'
[5.395s] INFO:colcon.colcon_core.shell:Creating package descriptor '/home/youhans/ros2_cpp/src/install/my_robot_controller/share/my_robot_controller/package.dsv'
[5.395s] INFO:colcon.colcon_core.shell:Creating package script '/home/youhans/ros2_cpp/src/install/my_robot_controller/share/my_robot_controller/package.sh'
[5.396s] INFO:colcon.colcon_core.shell:Creating package script '/home/youhans/ros2_cpp/src/install/my_robot_controller/share/my_robot_controller/package.bash'
[5.397s] INFO:colcon.colcon_core.shell:Creating package script '/home/youhans/ros2_cpp/src/install/my_robot_controller/share/my_robot_controller/package.zsh'
[5.397s] Level 1:colcon.colcon_core.environment:create_file_with_runtime_dependencies(/home/youhans/ros2_cpp/src/install/my_robot_controller/share/colcon-core/packages/my_robot_controller)
[5.413s] Level 1:colcon.colcon_core.environment:create_environment_scripts_only(my_robot_controller)
[5.413s] Level 1:colcon.colcon_core.environment:checking '/home/youhans/ros2_cpp/src/install/my_robot_controller' for CMake module files
[5.414s] Level 1:colcon.colcon_core.environment:checking '/home/youhans/ros2_cpp/src/install/my_robot_controller' for CMake config files
[5.414s] Level 1:colcon.colcon_core.shell:create_environment_hook('my_robot_controller', 'cmake_prefix_path')
[5.414s] INFO:colcon.colcon_core.shell:Creating environment hook '/home/youhans/ros2_cpp/src/install/my_robot_controller/share/my_robot_controller/hook/cmake_prefix_path.ps1'
[5.414s] INFO:colcon.colcon_core.shell:Creating environment descriptor '/home/youhans/ros2_cpp/src/install/my_robot_controller/share/my_robot_controller/hook/cmake_prefix_path.dsv'
[5.415s] INFO:colcon.colcon_core.shell:Creating environment hook '/home/youhans/ros2_cpp/src/install/my_robot_controller/share/my_robot_controller/hook/cmake_prefix_path.sh'
[5.415s] Level 1:colcon.colcon_core.environment:checking '/home/youhans/ros2_cpp/src/install/my_robot_controller/lib'
[5.415s] Level 1:colcon.colcon_core.environment:checking '/home/youhans/ros2_cpp/src/install/my_robot_controller/bin'
[5.415s] Level 1:colcon.colcon_core.environment:checking '/home/youhans/ros2_cpp/src/install/my_robot_controller/lib/pkgconfig/my_robot_controller.pc'
[5.416s] Level 1:colcon.colcon_core.environment:checking '/home/youhans/ros2_cpp/src/install/my_robot_controller/lib/python3.10/site-packages'
[5.416s] Level 1:colcon.colcon_core.environment:checking '/home/youhans/ros2_cpp/src/install/my_robot_controller/bin'
[5.416s] INFO:colcon.colcon_core.shell:Creating package script '/home/youhans/ros2_cpp/src/install/my_robot_controller/share/my_robot_controller/package.ps1'
[5.416s] INFO:colcon.colcon_core.shell:Creating package descriptor '/home/youhans/ros2_cpp/src/install/my_robot_controller/share/my_robot_controller/package.dsv'
[5.417s] INFO:colcon.colcon_core.shell:Creating package script '/home/youhans/ros2_cpp/src/install/my_robot_controller/share/my_robot_controller/package.sh'
[5.417s] INFO:colcon.colcon_core.shell:Creating package script '/home/youhans/ros2_cpp/src/install/my_robot_controller/share/my_robot_controller/package.bash'
[5.417s] INFO:colcon.colcon_core.shell:Creating package script '/home/youhans/ros2_cpp/src/install/my_robot_controller/share/my_robot_controller/package.zsh'
[5.417s] Level 1:colcon.colcon_core.environment:create_file_with_runtime_dependencies(/home/youhans/ros2_cpp/src/install/my_robot_controller/share/colcon-core/packages/my_robot_controller)
[5.417s] DEBUG:colcon.colcon_parallel_executor.executor.parallel:closing loop
[5.417s] DEBUG:colcon.colcon_parallel_executor.executor.parallel:loop closed
[5.417s] DEBUG:colcon.colcon_parallel_executor.executor.parallel:run_until_complete finished with '0'
[5.418s] DEBUG:colcon.colcon_core.event_reactor:joining thread
[5.420s] INFO:colcon.colcon_core.plugin_system:Skipping extension 'colcon_notification.desktop_notification.terminal_notifier': Not used on non-Darwin systems
[5.421s] INFO:colcon.colcon_core.plugin_system:Skipping extension 'colcon_notification.desktop_notification.win32': Not used on non-Windows systems
[5.421s] INFO:colcon.colcon_notification.desktop_notification:Sending desktop notification using 'notify2'
[5.435s] DEBUG:colcon.colcon_core.event_reactor:joined thread
[5.435s] INFO:colcon.colcon_core.shell:Creating prefix script '/home/youhans/ros2_cpp/src/install/local_setup.ps1'
[5.436s] INFO:colcon.colcon_core.shell:Creating prefix util module '/home/youhans/ros2_cpp/src/install/_local_setup_util_ps1.py'
[5.436s] INFO:colcon.colcon_core.shell:Creating prefix chain script '/home/youhans/ros2_cpp/src/install/setup.ps1'
[5.437s] INFO:colcon.colcon_core.shell:Creating prefix script '/home/youhans/ros2_cpp/src/install/local_setup.sh'
[5.437s] INFO:colcon.colcon_core.shell:Creating prefix util module '/home/youhans/ros2_cpp/src/install/_local_setup_util_sh.py'
[5.437s] INFO:colcon.colcon_core.shell:Creating prefix chain script '/home/youhans/ros2_cpp/src/install/setup.sh'
[5.438s] INFO:colcon.colcon_core.shell:Creating prefix script '/home/youhans/ros2_cpp/src/install/local_setup.bash'
[5.438s] INFO:colcon.colcon_core.shell:Creating prefix chain script '/home/youhans/ros2_cpp/src/install/setup.bash'
[5.438s] INFO:colcon.colcon_core.shell:Creating prefix script '/home/youhans/ros2_cpp/src/install/local_setup.zsh'
[5.439s] INFO:colcon.colcon_core.shell:Creating prefix chain script '/home/youhans/ros2_cpp/src/install/setup.zsh'
