[0.005s] Invoking command in '/home/youhans/ros2_cpp/src/build/my_robot_controller': CMAKE_PREFIX_PATH=/opt/ros/humble /usr/bin/cmake /home/youhans/ros2_cpp/src/my_robot_controller -DCMAKE_INSTALL_PREFIX=/home/youhans/ros2_cpp/src/install/my_robot_controller
[0.046s] -- The C compiler identification is GNU 11.4.0
[0.091s] -- The CXX compiler identification is GNU 11.4.0
[0.095s] -- Detecting C compiler ABI info
[0.135s] -- Detecting C compiler ABI info - done
[0.138s] -- Check for working C compiler: /usr/bin/cc - skipped
[0.138s] -- Detecting C compile features
[0.139s] -- Detecting C compile features - done
[0.140s] -- Detecting CXX compiler ABI info
[0.184s] -- Detecting CXX compiler ABI info - done
[0.188s] -- Check for working CXX compiler: /usr/bin/c++ - skipped
[0.188s] -- Detecting CXX compile features
[0.188s] -- Detecting CXX compile features - done
[0.192s] -- Found ament_cmake: 1.3.8 (/opt/ros/humble/share/ament_cmake/cmake)
[0.273s] -- Found Python3: /usr/bin/python3 (found version "3.10.12") found components: Interpreter 
[0.317s] -- Found rclcpp: 16.0.8 (/opt/ros/humble/share/rclcpp/cmake)
[0.340s] -- Found rosidl_generator_c: 3.1.5 (/opt/ros/humble/share/rosidl_generator_c/cmake)
[0.343s] -- Found rosidl_adapter: 3.1.5 (/opt/ros/humble/share/rosidl_adapter/cmake)
[0.347s] -- Found rosidl_generator_cpp: 3.1.5 (/opt/ros/humble/share/rosidl_generator_cpp/cmake)
[0.355s] -- Using all available rosidl_typesupport_c: rosidl_typesupport_fastrtps_c;rosidl_typesupport_introspection_c
[0.365s] -- Using all available rosidl_typesupport_cpp: rosidl_typesupport_fastrtps_cpp;rosidl_typesupport_introspection_cpp
[0.402s] -- Found rmw_implementation_cmake: 6.1.1 (/opt/ros/humble/share/rmw_implementation_cmake/cmake)
[0.403s] -- Found rmw_fastrtps_cpp: 6.2.6 (/opt/ros/humble/share/rmw_fastrtps_cpp/cmake)
[0.455s] -- Found OpenSSL: /usr/lib/x86_64-linux-gnu/libcrypto.so (found version "3.0.2")  
[0.469s] -- Found FastRTPS: /opt/ros/humble/include  
[0.493s] -- Using RMW implementation 'rmw_fastrtps_cpp' as default
[0.498s] -- Looking for pthread.h
[0.537s] -- Looking for pthread.h - found
[0.537s] -- Performing Test CMAKE_HAVE_LIBC_PTHREAD
[0.579s] -- Performing Test CMAKE_HAVE_LIBC_PTHREAD - Success
[0.580s] -- Found Threads: TRUE  
[0.667s] -- Found geometry_msgs: 4.2.3 (/opt/ros/humble/share/geometry_msgs/cmake)
[0.691s] -- Found turtlesim: 1.4.2 (/opt/ros/humble/share/turtlesim/cmake)
[0.763s] -- Found ament_lint_auto: 0.12.10 (/opt/ros/humble/share/ament_lint_auto/cmake)
[0.804s] -- Added test 'cppcheck' to perform static code analysis on C / C++ code
[0.804s] -- Configured cppcheck include dirs: 
[0.804s] -- Configured cppcheck exclude dirs and/or files: 
[0.804s] -- Added test 'lint_cmake' to check CMake code style
[0.805s] -- Added test 'uncrustify' to check C / C++ code style
[0.805s] -- Configured uncrustify additional arguments: 
[0.805s] -- Added test 'xmllint' to check XML markup files
[0.806s] -- Configuring done
[0.812s] -- Generating done
[0.813s] -- Build files have been written to: /home/youhans/ros2_cpp/src/build/my_robot_controller
[0.818s] Invoked command in '/home/youhans/ros2_cpp/src/build/my_robot_controller' returned '0': CMAKE_PREFIX_PATH=/opt/ros/humble /usr/bin/cmake /home/youhans/ros2_cpp/src/my_robot_controller -DCMAKE_INSTALL_PREFIX=/home/youhans/ros2_cpp/src/install/my_robot_controller
[0.819s] Invoking command in '/home/youhans/ros2_cpp/src/build/my_robot_controller': CMAKE_PREFIX_PATH=/opt/ros/humble /usr/bin/cmake --build /home/youhans/ros2_cpp/src/build/my_robot_controller -- -j16 -l16
[0.845s] [ 25%] [32mBuilding CXX object CMakeFiles/pub.dir/src/turtlepub.cpp.o[0m
[0.845s] [ 50%] [32mBuilding CXX object CMakeFiles/sub.dir/src/turtlesub.cpp.o[0m
[3.060s] [ 75%] [32m[1mLinking CXX executable pub[0m
[3.160s] [ 75%] Built target pub
[4.952s] [100%] [32m[1mLinking CXX executable sub[0m
[5.152s] [100%] Built target sub
[5.164s] Invoked command in '/home/youhans/ros2_cpp/src/build/my_robot_controller' returned '0': CMAKE_PREFIX_PATH=/opt/ros/humble /usr/bin/cmake --build /home/youhans/ros2_cpp/src/build/my_robot_controller -- -j16 -l16
[5.183s] Invoking command in '/home/youhans/ros2_cpp/src/build/my_robot_controller': CMAKE_PREFIX_PATH=/opt/ros/humble /usr/bin/cmake --install /home/youhans/ros2_cpp/src/build/my_robot_controller
[5.187s] -- Install configuration: ""
[5.187s] -- Installing: /home/youhans/ros2_cpp/src/install/my_robot_controller/lib/my_robot_controller/pub
[5.188s] -- Set runtime path of "/home/youhans/ros2_cpp/src/install/my_robot_controller/lib/my_robot_controller/pub" to ""
[5.188s] -- Installing: /home/youhans/ros2_cpp/src/install/my_robot_controller/lib/my_robot_controller/sub
[5.190s] -- Set runtime path of "/home/youhans/ros2_cpp/src/install/my_robot_controller/lib/my_robot_controller/sub" to ""
[5.190s] -- Installing: /home/youhans/ros2_cpp/src/install/my_robot_controller/share/ament_index/resource_index/package_run_dependencies/my_robot_controller
[5.190s] -- Installing: /home/youhans/ros2_cpp/src/install/my_robot_controller/share/ament_index/resource_index/parent_prefix_path/my_robot_controller
[5.190s] -- Installing: /home/youhans/ros2_cpp/src/install/my_robot_controller/share/my_robot_controller/environment/ament_prefix_path.sh
[5.190s] -- Installing: /home/youhans/ros2_cpp/src/install/my_robot_controller/share/my_robot_controller/environment/ament_prefix_path.dsv
[5.190s] -- Installing: /home/youhans/ros2_cpp/src/install/my_robot_controller/share/my_robot_controller/environment/path.sh
[5.190s] -- Installing: /home/youhans/ros2_cpp/src/install/my_robot_controller/share/my_robot_controller/environment/path.dsv
[5.190s] -- Installing: /home/youhans/ros2_cpp/src/install/my_robot_controller/share/my_robot_controller/local_setup.bash
[5.190s] -- Installing: /home/youhans/ros2_cpp/src/install/my_robot_controller/share/my_robot_controller/local_setup.sh
[5.190s] -- Installing: /home/youhans/ros2_cpp/src/install/my_robot_controller/share/my_robot_controller/local_setup.zsh
[5.190s] -- Installing: /home/youhans/ros2_cpp/src/install/my_robot_controller/share/my_robot_controller/local_setup.dsv
[5.190s] -- Installing: /home/youhans/ros2_cpp/src/install/my_robot_controller/share/my_robot_controller/package.dsv
[5.190s] -- Installing: /home/youhans/ros2_cpp/src/install/my_robot_controller/share/ament_index/resource_index/packages/my_robot_controller
[5.190s] -- Installing: /home/youhans/ros2_cpp/src/install/my_robot_controller/share/my_robot_controller/cmake/my_robot_controllerConfig.cmake
[5.190s] -- Installing: /home/youhans/ros2_cpp/src/install/my_robot_controller/share/my_robot_controller/cmake/my_robot_controllerConfig-version.cmake
[5.190s] -- Installing: /home/youhans/ros2_cpp/src/install/my_robot_controller/share/my_robot_controller/package.xml
[5.192s] Invoked command in '/home/youhans/ros2_cpp/src/build/my_robot_controller' returned '0': CMAKE_PREFIX_PATH=/opt/ros/humble /usr/bin/cmake --install /home/youhans/ros2_cpp/src/build/my_robot_controller
