[0.507s] DEBUG:colcon:Command line arguments: ['/usr/bin/colcon', 'list', '-p', '--base-paths', '/home/youhans/ros2_cpp']
[0.507s] DEBUG:colcon:Parsed command line arguments: Namespace(log_base=None, log_level=None, verb_name='list', build_base='build', ignore_user_meta=False, metas=['./colcon.meta'], base_paths=['/home/youhans/ros2_cpp'], packages_ignore=None, packages_ignore_regex=None, paths=None, packages_up_to=None, packages_up_to_regex=None, packages_above=None, packages_above_and_dependencies=None, packages_above_depth=None, packages_select_by_dep=None, packages_skip_by_dep=None, packages_skip_up_to=None, packages_select_build_failed=False, packages_skip_build_finished=False, packages_select_test_failures=False, packages_skip_test_passed=False, packages_select=None, packages_skip=None, packages_select_regex=None, packages_skip_regex=None, packages_start=None, packages_end=None, allow_overriding=[], topological_order=False, names_only=False, paths_only=True, topological_graph=False, topological_graph_dot=False, topological_graph_density=False, topological_graph_legend=False, topological_graph_dot_cluster=False, topological_graph_dot_include_skipped=False, verb_parser=<colcon_defaults.argument_parser.defaults.DefaultArgumentsDecorator object at 0x7f1d633720e0>, verb_extension=<colcon_package_information.verb.list.ListVerb object at 0x7f1d633708b0>, main=<bound method ListVerb.main of <colcon_package_information.verb.list.ListVerb object at 0x7f1d633708b0>>)
[0.531s] Level 1:colcon.colcon_core.package_discovery:discover_packages(colcon_meta) check parameters
[0.531s] Level 1:colcon.colcon_core.package_discovery:discover_packages(recursive) check parameters
[0.531s] Level 1:colcon.colcon_core.package_discovery:discover_packages(ignore) check parameters
[0.531s] Level 1:colcon.colcon_core.package_discovery:discover_packages(path) check parameters
[0.531s] Level 1:colcon.colcon_core.package_discovery:discover_packages(recursive) discover
[0.531s] INFO:colcon.colcon_core.package_discovery:Crawling recursively for packages in '/home/youhans/ros2_cpp'
[0.532s] Level 1:colcon.colcon_core.package_identification:_identify(/home/youhans/ros2_cpp) by extensions ['ignore', 'ignore_ament_install']
[0.532s] Level 1:colcon.colcon_core.package_identification:_identify(/home/youhans/ros2_cpp) by extension 'ignore'
[0.532s] Level 1:colcon.colcon_core.package_identification:_identify(/home/youhans/ros2_cpp) by extension 'ignore_ament_install'
[0.532s] Level 1:colcon.colcon_core.package_identification:_identify(/home/youhans/ros2_cpp) by extensions ['colcon_pkg']
[0.532s] Level 1:colcon.colcon_core.package_identification:_identify(/home/youhans/ros2_cpp) by extension 'colcon_pkg'
[0.532s] Level 1:colcon.colcon_core.package_identification:_identify(/home/youhans/ros2_cpp) by extensions ['colcon_meta']
[0.532s] Level 1:colcon.colcon_core.package_identification:_identify(/home/youhans/ros2_cpp) by extension 'colcon_meta'
[0.532s] Level 1:colcon.colcon_core.package_identification:_identify(/home/youhans/ros2_cpp) by extensions ['ros']
[0.532s] Level 1:colcon.colcon_core.package_identification:_identify(/home/youhans/ros2_cpp) by extension 'ros'
[0.538s] Level 1:colcon.colcon_core.package_identification:_identify(/home/youhans/ros2_cpp) by extensions ['cmake', 'python']
[0.538s] Level 1:colcon.colcon_core.package_identification:_identify(/home/youhans/ros2_cpp) by extension 'cmake'
[0.538s] Level 1:colcon.colcon_core.package_identification:_identify(/home/youhans/ros2_cpp) by extension 'python'
[0.538s] Level 1:colcon.colcon_core.package_identification:_identify(/home/youhans/ros2_cpp) by extensions ['python_setup_py']
[0.538s] Level 1:colcon.colcon_core.package_identification:_identify(/home/youhans/ros2_cpp) by extension 'python_setup_py'
[0.538s] Level 1:colcon.colcon_core.package_identification:_identify(/home/youhans/ros2_cpp/build) by extensions ['ignore', 'ignore_ament_install']
[0.538s] Level 1:colcon.colcon_core.package_identification:_identify(/home/youhans/ros2_cpp/build) by extension 'ignore'
[0.538s] Level 1:colcon.colcon_core.package_identification:_identify(/home/youhans/ros2_cpp/build) ignored
[0.539s] Level 1:colcon.colcon_core.package_identification:_identify(/home/youhans/ros2_cpp/install) by extensions ['ignore', 'ignore_ament_install']
[0.539s] Level 1:colcon.colcon_core.package_identification:_identify(/home/youhans/ros2_cpp/install) by extension 'ignore'
[0.539s] Level 1:colcon.colcon_core.package_identification:_identify(/home/youhans/ros2_cpp/install) ignored
[0.539s] Level 1:colcon.colcon_core.package_identification:_identify(/home/youhans/ros2_cpp/log) by extensions ['ignore', 'ignore_ament_install']
[0.539s] Level 1:colcon.colcon_core.package_identification:_identify(/home/youhans/ros2_cpp/log) by extension 'ignore'
[0.539s] Level 1:colcon.colcon_core.package_identification:_identify(/home/youhans/ros2_cpp/log) ignored
[0.539s] Level 1:colcon.colcon_core.package_identification:_identify(/home/youhans/ros2_cpp/src) by extensions ['ignore', 'ignore_ament_install']
[0.539s] Level 1:colcon.colcon_core.package_identification:_identify(/home/youhans/ros2_cpp/src) by extension 'ignore'
[0.539s] Level 1:colcon.colcon_core.package_identification:_identify(/home/youhans/ros2_cpp/src) by extension 'ignore_ament_install'
[0.539s] Level 1:colcon.colcon_core.package_identification:_identify(/home/youhans/ros2_cpp/src) by extensions ['colcon_pkg']
[0.539s] Level 1:colcon.colcon_core.package_identification:_identify(/home/youhans/ros2_cpp/src) by extension 'colcon_pkg'
[0.539s] Level 1:colcon.colcon_core.package_identification:_identify(/home/youhans/ros2_cpp/src) by extensions ['colcon_meta']
[0.539s] Level 1:colcon.colcon_core.package_identification:_identify(/home/youhans/ros2_cpp/src) by extension 'colcon_meta'
[0.539s] Level 1:colcon.colcon_core.package_identification:_identify(/home/youhans/ros2_cpp/src) by extensions ['ros']
[0.539s] Level 1:colcon.colcon_core.package_identification:_identify(/home/youhans/ros2_cpp/src) by extension 'ros'
[0.539s] Level 1:colcon.colcon_core.package_identification:_identify(/home/youhans/ros2_cpp/src) by extensions ['cmake', 'python']
[0.539s] Level 1:colcon.colcon_core.package_identification:_identify(/home/youhans/ros2_cpp/src) by extension 'cmake'
[0.539s] Level 1:colcon.colcon_core.package_identification:_identify(/home/youhans/ros2_cpp/src) by extension 'python'
[0.539s] Level 1:colcon.colcon_core.package_identification:_identify(/home/youhans/ros2_cpp/src) by extensions ['python_setup_py']
[0.539s] Level 1:colcon.colcon_core.package_identification:_identify(/home/youhans/ros2_cpp/src) by extension 'python_setup_py'
[0.539s] Level 1:colcon.colcon_core.package_identification:_identify(/home/youhans/ros2_cpp/src/my_robot_controller) by extensions ['ignore', 'ignore_ament_install']
[0.539s] Level 1:colcon.colcon_core.package_identification:_identify(/home/youhans/ros2_cpp/src/my_robot_controller) by extension 'ignore'
[0.539s] Level 1:colcon.colcon_core.package_identification:_identify(/home/youhans/ros2_cpp/src/my_robot_controller) by extension 'ignore_ament_install'
[0.539s] Level 1:colcon.colcon_core.package_identification:_identify(/home/youhans/ros2_cpp/src/my_robot_controller) by extensions ['colcon_pkg']
[0.539s] Level 1:colcon.colcon_core.package_identification:_identify(/home/youhans/ros2_cpp/src/my_robot_controller) by extension 'colcon_pkg'
[0.539s] Level 1:colcon.colcon_core.package_identification:_identify(/home/youhans/ros2_cpp/src/my_robot_controller) by extensions ['colcon_meta']
[0.539s] Level 1:colcon.colcon_core.package_identification:_identify(/home/youhans/ros2_cpp/src/my_robot_controller) by extension 'colcon_meta'
[0.539s] Level 1:colcon.colcon_core.package_identification:_identify(/home/youhans/ros2_cpp/src/my_robot_controller) by extensions ['ros']
[0.539s] Level 1:colcon.colcon_core.package_identification:_identify(/home/youhans/ros2_cpp/src/my_robot_controller) by extension 'ros'
[0.541s] DEBUG:colcon.colcon_core.package_identification:Package '/home/youhans/ros2_cpp/src/my_robot_controller' with type 'ros.ament_cmake' and name 'my_robot_controller'
[0.541s] Level 1:colcon.colcon_core.package_discovery:discover_packages(recursive) using defaults
