[0.029s] Invoking command in '/home/youhans/ros2_cpp/build/my_robot_controller': CMAKE_PREFIX_PATH=${CMAKE_PREFIX_PATH}:/opt/ros/humble /usr/bin/cmake --build /home/youhans/ros2_cpp/build/my_robot_controller -- -j16 -l16
[0.057s] [ 25%] [32mBuilding CXX object CMakeFiles/sub.dir/src/turtlesub.cpp.o[0m
[0.060s] [ 75%] Built target pub
[4.134s] [100%] [32m[1mLinking CXX executable sub[0m
[4.353s] [100%] Built target sub
[4.359s] Invoked command in '/home/youhans/ros2_cpp/build/my_robot_controller' returned '0': CMAKE_PREFIX_PATH=${CMAKE_PREFIX_PATH}:/opt/ros/humble /usr/bin/cmake --build /home/youhans/ros2_cpp/build/my_robot_controller -- -j16 -l16
[4.379s] Invoking command in '/home/youhans/ros2_cpp/build/my_robot_controller': CMAKE_PREFIX_PATH=${CMAKE_PREFIX_PATH}:/opt/ros/humble /usr/bin/cmake --install /home/youhans/ros2_cpp/build/my_robot_controller
[4.382s] -- Install configuration: ""
[4.383s] -- Execute custom install script
[4.383s] -- Up-to-date symlink: /home/youhans/ros2_cpp/install/my_robot_controller/lib/my_robot_controller/pub
[4.383s] -- Symlinking: /home/youhans/ros2_cpp/install/my_robot_controller/lib/my_robot_controller/sub
[4.388s] -- Up-to-date symlink: /home/youhans/ros2_cpp/install/my_robot_controller/share/ament_index/resource_index/package_run_dependencies/my_robot_controller
[4.388s] -- Up-to-date symlink: /home/youhans/ros2_cpp/install/my_robot_controller/share/ament_index/resource_index/parent_prefix_path/my_robot_controller
[4.388s] -- Up-to-date symlink: /home/youhans/ros2_cpp/install/my_robot_controller/share/my_robot_controller/environment/ament_prefix_path.sh
[4.388s] -- Up-to-date symlink: /home/youhans/ros2_cpp/install/my_robot_controller/share/my_robot_controller/environment/ament_prefix_path.dsv
[4.388s] -- Up-to-date symlink: /home/youhans/ros2_cpp/install/my_robot_controller/share/my_robot_controller/environment/path.sh
[4.388s] -- Up-to-date symlink: /home/youhans/ros2_cpp/install/my_robot_controller/share/my_robot_controller/environment/path.dsv
[4.388s] -- Up-to-date symlink: /home/youhans/ros2_cpp/install/my_robot_controller/share/my_robot_controller/local_setup.bash
[4.388s] -- Up-to-date symlink: /home/youhans/ros2_cpp/install/my_robot_controller/share/my_robot_controller/local_setup.sh
[4.388s] -- Up-to-date symlink: /home/youhans/ros2_cpp/install/my_robot_controller/share/my_robot_controller/local_setup.zsh
[4.388s] -- Up-to-date symlink: /home/youhans/ros2_cpp/install/my_robot_controller/share/my_robot_controller/local_setup.dsv
[4.388s] -- Symlinking: /home/youhans/ros2_cpp/install/my_robot_controller/share/my_robot_controller/package.dsv
[4.392s] -- Up-to-date symlink: /home/youhans/ros2_cpp/install/my_robot_controller/share/ament_index/resource_index/packages/my_robot_controller
[4.392s] -- Up-to-date symlink: /home/youhans/ros2_cpp/install/my_robot_controller/share/my_robot_controller/cmake/my_robot_controllerConfig.cmake
[4.393s] -- Up-to-date symlink: /home/youhans/ros2_cpp/install/my_robot_controller/share/my_robot_controller/cmake/my_robot_controllerConfig-version.cmake
[4.393s] -- Up-to-date symlink: /home/youhans/ros2_cpp/install/my_robot_controller/share/my_robot_controller/package.xml
[4.394s] Invoked command in '/home/youhans/ros2_cpp/build/my_robot_controller' returned '0': CMAKE_PREFIX_PATH=${CMAKE_PREFIX_PATH}:/opt/ros/humble /usr/bin/cmake --install /home/youhans/ros2_cpp/build/my_robot_controller
