[0.023s] Invoking command in '/home/youhans/ros2_cpp/build/my_robot_controller': CMAKE_PREFIX_PATH=/opt/ros/humble /usr/bin/cmake /home/youhans/ros2_cpp/src/my_robot_controller -DAMENT_CMAKE_SYMLINK_INSTALL=1 -DCMAKE_INSTALL_PREFIX=/home/youhans/ros2_cpp/install/my_robot_controller
[0.032s] -- Found ament_cmake: 1.3.6 (/opt/ros/humble/share/ament_cmake/cmake)
[0.112s] -- Override CMake install command with custom implementation using symlinks instead of copying resources
[0.121s] -- Found rclcpp: 16.0.7 (/opt/ros/humble/share/rclcpp/cmake)
[0.144s] -- Found rosidl_generator_c: 3.1.5 (/opt/ros/humble/share/rosidl_generator_c/cmake)
[0.146s] -- Found rosidl_adapter: 3.1.5 (/opt/ros/humble/share/rosidl_adapter/cmake)
[0.151s] -- Found rosidl_generator_cpp: 3.1.5 (/opt/ros/humble/share/rosidl_generator_cpp/cmake)
[0.159s] -- Using all available rosidl_typesupport_c: rosidl_typesupport_fastrtps_c;rosidl_typesupport_introspection_c
[0.170s] -- Using all available rosidl_typesupport_cpp: rosidl_typesupport_fastrtps_cpp;rosidl_typesupport_introspection_cpp
[0.209s] -- Found rmw_implementation_cmake: 6.1.1 (/opt/ros/humble/share/rmw_implementation_cmake/cmake)
[0.210s] -- Found rmw_fastrtps_cpp: 6.2.5 (/opt/ros/humble/share/rmw_fastrtps_cpp/cmake)
[0.278s] -- Using RMW implementation 'rmw_fastrtps_cpp' as default
[0.372s] -- Found ament_lint_auto: 0.12.9 (/opt/ros/humble/share/ament_lint_auto/cmake)
[0.413s] -- Added test 'cppcheck' to perform static code analysis on C / C++ code
[0.413s] -- Configured cppcheck include dirs: 
[0.413s] -- Configured cppcheck exclude dirs and/or files: 
[0.413s] -- Added test 'lint_cmake' to check CMake code style
[0.414s] -- Added test 'uncrustify' to check C / C++ code style
[0.414s] -- Configured uncrustify additional arguments: 
[0.414s] -- Added test 'xmllint' to check XML markup files
[0.415s] -- Configuring done
[0.417s] -- Generating done
[0.418s] -- Build files have been written to: /home/youhans/ros2_cpp/build/my_robot_controller
[0.422s] Invoked command in '/home/youhans/ros2_cpp/build/my_robot_controller' returned '0': CMAKE_PREFIX_PATH=/opt/ros/humble /usr/bin/cmake /home/youhans/ros2_cpp/src/my_robot_controller -DAMENT_CMAKE_SYMLINK_INSTALL=1 -DCMAKE_INSTALL_PREFIX=/home/youhans/ros2_cpp/install/my_robot_controller
[0.423s] Invoking command in '/home/youhans/ros2_cpp/build/my_robot_controller': CMAKE_PREFIX_PATH=/opt/ros/humble /usr/bin/cmake --build /home/youhans/ros2_cpp/build/my_robot_controller -- -j16 -l16
[0.445s] Invoked command in '/home/youhans/ros2_cpp/build/my_robot_controller' returned '0': CMAKE_PREFIX_PATH=/opt/ros/humble /usr/bin/cmake --build /home/youhans/ros2_cpp/build/my_robot_controller -- -j16 -l16
[0.461s] Invoking command in '/home/youhans/ros2_cpp/build/my_robot_controller': CMAKE_PREFIX_PATH=/opt/ros/humble /usr/bin/cmake --install /home/youhans/ros2_cpp/build/my_robot_controller
[0.465s] -- Install configuration: ""
[0.466s] -- Execute custom install script
[0.466s] -- Symlinking: /home/youhans/ros2_cpp/install/my_robot_controller/share/ament_index/resource_index/package_run_dependencies/my_robot_controller
[0.471s] -- Symlinking: /home/youhans/ros2_cpp/install/my_robot_controller/share/ament_index/resource_index/parent_prefix_path/my_robot_controller
[0.475s] -- Symlinking: /home/youhans/ros2_cpp/install/my_robot_controller/share/my_robot_controller/environment/ament_prefix_path.sh
[0.479s] -- Symlinking: /home/youhans/ros2_cpp/install/my_robot_controller/share/my_robot_controller/environment/ament_prefix_path.dsv
[0.484s] -- Symlinking: /home/youhans/ros2_cpp/install/my_robot_controller/share/my_robot_controller/environment/path.sh
[0.488s] -- Symlinking: /home/youhans/ros2_cpp/install/my_robot_controller/share/my_robot_controller/environment/path.dsv
[0.493s] -- Symlinking: /home/youhans/ros2_cpp/install/my_robot_controller/share/my_robot_controller/local_setup.bash
[0.497s] -- Symlinking: /home/youhans/ros2_cpp/install/my_robot_controller/share/my_robot_controller/local_setup.sh
[0.501s] -- Symlinking: /home/youhans/ros2_cpp/install/my_robot_controller/share/my_robot_controller/local_setup.zsh
[0.506s] -- Symlinking: /home/youhans/ros2_cpp/install/my_robot_controller/share/my_robot_controller/local_setup.dsv
[0.510s] -- Symlinking: /home/youhans/ros2_cpp/install/my_robot_controller/share/my_robot_controller/package.dsv
[0.514s] -- Symlinking: /home/youhans/ros2_cpp/install/my_robot_controller/share/ament_index/resource_index/packages/my_robot_controller
[0.518s] -- Symlinking: /home/youhans/ros2_cpp/install/my_robot_controller/share/my_robot_controller/cmake/my_robot_controllerConfig.cmake
[0.522s] -- Symlinking: /home/youhans/ros2_cpp/install/my_robot_controller/share/my_robot_controller/cmake/my_robot_controllerConfig-version.cmake
[0.526s] -- Symlinking: /home/youhans/ros2_cpp/install/my_robot_controller/share/my_robot_controller/package.xml
[0.531s] Invoked command in '/home/youhans/ros2_cpp/build/my_robot_controller' returned '0': CMAKE_PREFIX_PATH=/opt/ros/humble /usr/bin/cmake --install /home/youhans/ros2_cpp/build/my_robot_controller
